mode: set
github.com/mau-network/mau/cmd/mau/mau.go:20.13,21.22 1 0
github.com/mau-network/mau/cmd/mau/mau.go:21.22,39.3 2 0
github.com/mau-network/mau/cmd/mau/mau.go:41.2,43.20 2 0
github.com/mau-network/mau/cmd/mau/mau.go:44.14,48.52 4 0
github.com/mau-network/mau/cmd/mau/mau.go:48.52,50.4 1 0
github.com/mau-network/mau/cmd/mau/mau.go:52.3,57.22 5 0
github.com/mau-network/mau/cmd/mau/mau.go:59.14,64.54 4 0
github.com/mau-network/mau/cmd/mau/mau.go:66.16,69.54 3 0
github.com/mau-network/mau/cmd/mau/mau.go:69.54,71.4 1 0
github.com/mau-network/mau/cmd/mau/mau.go:73.3,80.13 6 0
github.com/mau-network/mau/cmd/mau/mau.go:82.16,85.54 3 0
github.com/mau-network/mau/cmd/mau/mau.go:85.54,87.4 1 0
github.com/mau-network/mau/cmd/mau/mau.go:89.3,97.20 7 0
github.com/mau-network/mau/cmd/mau/mau.go:97.20,99.4 1 0
github.com/mau-network/mau/cmd/mau/mau.go:101.3,101.85 1 0
github.com/mau-network/mau/cmd/mau/mau.go:103.17,108.21 4 0
github.com/mau-network/mau/cmd/mau/mau.go:108.21,110.4 1 0
github.com/mau-network/mau/cmd/mau/mau.go:112.3,112.28 1 0
github.com/mau-network/mau/cmd/mau/mau.go:114.18,117.56 3 0
github.com/mau-network/mau/cmd/mau/mau.go:117.56,119.4 1 0
github.com/mau-network/mau/cmd/mau/mau.go:121.3,125.21 4 0
github.com/mau-network/mau/cmd/mau/mau.go:125.21,127.4 1 0
github.com/mau-network/mau/cmd/mau/mau.go:129.3,133.20 4 0
github.com/mau-network/mau/cmd/mau/mau.go:133.20,135.4 1 0
github.com/mau-network/mau/cmd/mau/mau.go:137.3,139.22 3 0
github.com/mau-network/mau/cmd/mau/mau.go:141.16,144.54 3 0
github.com/mau-network/mau/cmd/mau/mau.go:144.54,146.4 1 0
github.com/mau-network/mau/cmd/mau/mau.go:148.3,152.21 4 0
github.com/mau-network/mau/cmd/mau/mau.go:152.21,154.4 1 0
github.com/mau-network/mau/cmd/mau/mau.go:156.3,160.20 4 0
github.com/mau-network/mau/cmd/mau/mau.go:160.20,162.4 1 0
github.com/mau-network/mau/cmd/mau/mau.go:164.3,166.22 3 0
github.com/mau-network/mau/cmd/mau/mau.go:168.18,171.56 3 0
github.com/mau-network/mau/cmd/mau/mau.go:171.56,173.4 1 0
github.com/mau-network/mau/cmd/mau/mau.go:175.3,179.21 4 0
github.com/mau-network/mau/cmd/mau/mau.go:179.21,181.4 1 0
github.com/mau-network/mau/cmd/mau/mau.go:183.3,187.20 4 0
github.com/mau-network/mau/cmd/mau/mau.go:187.20,189.4 1 0
github.com/mau-network/mau/cmd/mau/mau.go:191.3,193.22 3 0
github.com/mau-network/mau/cmd/mau/mau.go:195.17,201.29 4 0
github.com/mau-network/mau/cmd/mau/mau.go:201.29,203.4 1 0
github.com/mau-network/mau/cmd/mau/mau.go:205.15,209.53 4 0
github.com/mau-network/mau/cmd/mau/mau.go:209.53,211.4 1 0
github.com/mau-network/mau/cmd/mau/mau.go:213.3,220.24 6 0
github.com/mau-network/mau/cmd/mau/mau.go:220.24,222.4 1 0
github.com/mau-network/mau/cmd/mau/mau.go:224.3,226.31 3 0
github.com/mau-network/mau/cmd/mau/mau.go:226.31,228.18 2 0
github.com/mau-network/mau/cmd/mau/mau.go:228.18,230.5 1 0
github.com/mau-network/mau/cmd/mau/mau.go:232.4,233.16 2 0
github.com/mau-network/mau/cmd/mau/mau.go:233.16,235.5 1 0
github.com/mau-network/mau/cmd/mau/mau.go:237.4,237.32 1 0
github.com/mau-network/mau/cmd/mau/mau.go:240.3,242.13 3 0
github.com/mau-network/mau/cmd/mau/mau.go:244.15,247.53 3 0
github.com/mau-network/mau/cmd/mau/mau.go:247.53,249.4 1 0
github.com/mau-network/mau/cmd/mau/mau.go:251.3,254.25 3 0
github.com/mau-network/mau/cmd/mau/mau.go:254.25,256.4 1 0
github.com/mau-network/mau/cmd/mau/mau.go:256.9,260.4 3 0
github.com/mau-network/mau/cmd/mau/mau.go:262.3,264.27 3 0
github.com/mau-network/mau/cmd/mau/mau.go:264.27,265.19 1 0
github.com/mau-network/mau/cmd/mau/mau.go:265.19,266.13 1 0
github.com/mau-network/mau/cmd/mau/mau.go:269.4,271.18 3 0
github.com/mau-network/mau/cmd/mau/mau.go:271.18,273.13 2 0
github.com/mau-network/mau/cmd/mau/mau.go:276.4,276.25 1 0
github.com/mau-network/mau/cmd/mau/mau.go:276.25,278.5 1 0
github.com/mau-network/mau/cmd/mau/mau.go:281.14,286.52 5 0
github.com/mau-network/mau/cmd/mau/mau.go:286.52,288.4 1 0
github.com/mau-network/mau/cmd/mau/mau.go:290.3,293.25 3 0
github.com/mau-network/mau/cmd/mau/mau.go:293.25,295.4 1 0
github.com/mau-network/mau/cmd/mau/mau.go:295.9,299.4 3 0
github.com/mau-network/mau/cmd/mau/mau.go:301.3,312.13 9 0
github.com/mau-network/mau/cmd/mau/mau.go:314.16,317.54 3 0
github.com/mau-network/mau/cmd/mau/mau.go:317.54,319.4 1 0
github.com/mau-network/mau/cmd/mau/mau.go:321.3,326.35 5 0
github.com/mau-network/mau/cmd/mau/mau.go:328.15,332.20 4 0
github.com/mau-network/mau/cmd/mau/mau.go:332.20,334.4 1 0
github.com/mau-network/mau/cmd/mau/mau.go:336.3,338.22 3 0
github.com/mau-network/mau/cmd/mau/mau.go:338.22,340.4 1 0
github.com/mau-network/mau/cmd/mau/mau.go:342.3,346.52 4 0
github.com/mau-network/mau/cmd/mau/mau.go:346.52,348.4 1 0
github.com/mau-network/mau/cmd/mau/mau.go:350.14,355.52 5 0
github.com/mau-network/mau/cmd/mau/mau.go:355.52,357.4 1 0
github.com/mau-network/mau/cmd/mau/mau.go:359.3,366.20 7 0
github.com/mau-network/mau/cmd/mau/mau.go:366.20,368.4 1 0
github.com/mau-network/mau/cmd/mau/mau.go:372.3,373.12 2 0
github.com/mau-network/mau/cmd/mau/mau.go:373.12,376.4 2 0
github.com/mau-network/mau/cmd/mau/mau.go:376.9,378.18 2 0
github.com/mau-network/mau/cmd/mau/mau.go:378.18,380.5 1 0
github.com/mau-network/mau/cmd/mau/mau.go:380.10,382.5 1 0
github.com/mau-network/mau/cmd/mau/mau.go:385.3,389.24 5 0
github.com/mau-network/mau/cmd/mau/mau.go:389.24,391.4 1 0
github.com/mau-network/mau/cmd/mau/mau.go:392.3,397.13 4 0
github.com/mau-network/mau/cmd/mau/mau.go:399.10,400.57 1 0
github.com/mau-network/mau/cmd/mau/mau.go:404.28,408.20 4 0
github.com/mau-network/mau/cmd/mau/mau.go:408.20,410.3 1 0
github.com/mau-network/mau/cmd/mau/mau.go:412.2,412.16 1 0
github.com/mau-network/mau/cmd/mau/mau.go:415.27,422.2 5 0
github.com/mau-network/mau/cmd/mau/mau.go:424.41,425.14 1 0
github.com/mau-network/mau/cmd/mau/mau.go:425.14,427.3 1 0
github.com/mau-network/mau/cmd/mau/mau.go:429.2,430.30 2 0
github.com/mau-network/mau/cmd/mau/mau.go:430.30,432.3 1 0
github.com/mau-network/mau/cmd/mau/mau.go:433.2,433.34 1 0
github.com/mau-network/mau/cmd/mau/mau.go:433.34,435.3 1 0
github.com/mau-network/mau/cmd/mau/mau.go:438.23,439.16 1 0
github.com/mau-network/mau/cmd/mau/mau.go:439.16,441.3 1 0
github.com/mau-network/mau/account.go:39.35,39.70 1 1
github.com/mau-network/mau/account.go:40.35,40.86 1 1
github.com/mau-network/mau/account.go:42.73,43.26 1 1
github.com/mau-network/mau/account.go:43.26,45.3 1 1
github.com/mau-network/mau/account.go:47.2,48.16 2 1
github.com/mau-network/mau/account.go:48.16,50.3 1 1
github.com/mau-network/mau/account.go:52.2,53.16 2 1
github.com/mau-network/mau/account.go:53.16,55.3 1 0
github.com/mau-network/mau/account.go:57.2,57.69 1 1
github.com/mau-network/mau/account.go:57.69,59.3 1 0
github.com/mau-network/mau/account.go:61.2,61.40 1 1
github.com/mau-network/mau/account.go:64.65,69.2 1 1
github.com/mau-network/mau/account.go:71.53,73.50 2 1
github.com/mau-network/mau/account.go:73.50,75.3 1 0
github.com/mau-network/mau/account.go:77.2,78.40 2 1
github.com/mau-network/mau/account.go:78.40,80.3 1 1
github.com/mau-network/mau/account.go:81.2,81.17 1 1
github.com/mau-network/mau/account.go:84.71,90.2 1 1
github.com/mau-network/mau/account.go:92.87,94.16 2 1
github.com/mau-network/mau/account.go:94.16,96.3 1 0
github.com/mau-network/mau/account.go:98.2,99.16 2 1
github.com/mau-network/mau/account.go:99.16,101.3 1 0
github.com/mau-network/mau/account.go:102.2,104.52 2 1
github.com/mau-network/mau/account.go:107.65,108.51 1 1
github.com/mau-network/mau/account.go:108.51,110.3 1 0
github.com/mau-network/mau/account.go:112.2,113.16 2 1
github.com/mau-network/mau/account.go:113.16,115.3 1 0
github.com/mau-network/mau/account.go:116.2,119.16 3 1
github.com/mau-network/mau/account.go:119.16,121.3 1 1
github.com/mau-network/mau/account.go:123.2,126.8 1 1
github.com/mau-network/mau/account.go:129.46,132.2 2 1
github.com/mau-network/mau/account.go:134.57,137.2 2 1
github.com/mau-network/mau/account.go:139.95,141.69 2 1
github.com/mau-network/mau/account.go:141.69,142.15 1 1
github.com/mau-network/mau/account.go:142.15,144.4 1 1
github.com/mau-network/mau/account.go:145.3,146.33 2 1
github.com/mau-network/mau/account.go:149.2,150.16 2 1
github.com/mau-network/mau/account.go:150.16,152.3 1 1
github.com/mau-network/mau/account.go:153.2,153.26 1 1
github.com/mau-network/mau/account.go:153.26,155.3 1 0
github.com/mau-network/mau/account.go:157.2,157.75 1 1
github.com/mau-network/mau/account.go:165.46,166.33 1 1
github.com/mau-network/mau/account.go:166.33,168.3 1 0
github.com/mau-network/mau/account.go:169.2,169.40 1 1
github.com/mau-network/mau/account.go:169.40,171.3 1 1
github.com/mau-network/mau/account.go:173.2,173.26 1 0
github.com/mau-network/mau/account.go:176.33,177.33 1 1
github.com/mau-network/mau/account.go:177.33,179.3 1 0
github.com/mau-network/mau/account.go:182.2,182.40 1 1
github.com/mau-network/mau/account.go:182.40,183.73 1 1
github.com/mau-network/mau/account.go:183.73,185.4 1 1
github.com/mau-network/mau/account.go:189.2,189.40 1 0
github.com/mau-network/mau/account.go:189.40,191.3 1 0
github.com/mau-network/mau/account.go:193.2,193.11 1 0
github.com/mau-network/mau/account.go:196.34,197.33 1 1
github.com/mau-network/mau/account.go:197.33,199.3 1 0
github.com/mau-network/mau/account.go:202.2,202.40 1 1
github.com/mau-network/mau/account.go:202.40,203.73 1 1
github.com/mau-network/mau/account.go:203.73,205.4 1 1
github.com/mau-network/mau/account.go:209.2,209.40 1 0
github.com/mau-network/mau/account.go:209.40,211.3 1 0
github.com/mau-network/mau/account.go:213.2,213.11 1 0
github.com/mau-network/mau/account.go:216.45,217.63 1 1
github.com/mau-network/mau/account.go:217.63,219.3 1 0
github.com/mau-network/mau/account.go:220.2,220.40 1 1
github.com/mau-network/mau/account.go:223.45,224.33 1 1
github.com/mau-network/mau/account.go:224.33,226.3 1 0
github.com/mau-network/mau/account.go:227.2,228.16 2 1
github.com/mau-network/mau/account.go:228.16,230.3 1 0
github.com/mau-network/mau/account.go:232.2,234.16 3 1
github.com/mau-network/mau/account.go:234.16,236.3 1 0
github.com/mau-network/mau/account.go:238.2,238.12 1 1
github.com/mau-network/mau/account.go:241.84,242.93 1 1
github.com/mau-network/mau/account.go:242.93,245.3 2 0
github.com/mau-network/mau/account.go:247.2,249.16 3 1
github.com/mau-network/mau/account.go:249.16,251.3 1 0
github.com/mau-network/mau/account.go:253.2,254.16 2 1
github.com/mau-network/mau/account.go:254.16,256.3 1 0
github.com/mau-network/mau/account.go:258.2,258.50 1 1
github.com/mau-network/mau/account.go:261.91,275.2 1 1
github.com/mau-network/mau/account.go:277.79,279.9 2 1
github.com/mau-network/mau/account.go:279.9,281.3 1 0
github.com/mau-network/mau/account.go:283.2,284.9 2 1
github.com/mau-network/mau/account.go:284.9,286.3 1 0
github.com/mau-network/mau/account.go:288.2,288.51 1 1
github.com/mau-network/mau/account.go:291.91,294.50 2 1
github.com/mau-network/mau/account.go:294.50,296.3 1 0
github.com/mau-network/mau/account.go:298.2,311.3 1 1
github.com/mau-network/mau/account.go:314.96,319.57 4 1
github.com/mau-network/mau/account.go:319.57,321.3 1 0
github.com/mau-network/mau/account.go:323.2,324.59 2 1
github.com/mau-network/mau/account.go:324.59,326.3 1 0
github.com/mau-network/mau/account.go:328.2,328.67 1 1
github.com/mau-network/mau/account.go:331.63,334.16 3 1
github.com/mau-network/mau/account.go:334.16,336.3 1 0
github.com/mau-network/mau/account.go:338.2,339.57 2 1
github.com/mau-network/mau/account.go:339.57,341.3 1 0
github.com/mau-network/mau/account.go:343.2,343.58 1 1
github.com/mau-network/mau/account.go:346.85,348.31 2 1
github.com/mau-network/mau/account.go:348.31,350.3 1 1
github.com/mau-network/mau/account.go:351.2,351.17 1 1
github.com/mau-network/mau/account.go:354.90,355.30 1 1
github.com/mau-network/mau/account.go:355.30,357.3 1 1
github.com/mau-network/mau/account.go:359.2,363.58 3 1
github.com/mau-network/mau/account.go:363.58,365.3 1 0
github.com/mau-network/mau/account.go:366.2,366.48 1 1
github.com/mau-network/mau/account.go:366.48,368.3 1 0
github.com/mau-network/mau/account.go:370.2,370.63 1 1
github.com/mau-network/mau/account.go:370.63,372.3 1 0
github.com/mau-network/mau/account.go:374.2,374.28 1 1
github.com/mau-network/mau/account.go:377.54,378.38 1 1
github.com/mau-network/mau/account.go:378.38,380.3 1 1
github.com/mau-network/mau/account.go:381.2,381.12 1 1
github.com/mau-network/mau/account.go:384.89,388.16 3 1
github.com/mau-network/mau/account.go:388.16,390.3 1 0
github.com/mau-network/mau/account.go:391.2,394.16 3 1
github.com/mau-network/mau/account.go:394.16,396.3 1 0
github.com/mau-network/mau/account.go:397.2,397.14 1 1
github.com/mau-network/mau/account.go:397.14,399.3 1 0
github.com/mau-network/mau/account.go:401.2,401.41 1 1
github.com/mau-network/mau/account.go:401.41,403.3 1 0
github.com/mau-network/mau/account.go:404.2,404.18 1 1
github.com/mau-network/mau/account.go:407.48,408.17 1 1
github.com/mau-network/mau/account.go:408.17,410.3 1 0
github.com/mau-network/mau/account.go:412.2,412.45 1 1
github.com/mau-network/mau/account.go:412.45,414.3 1 0
github.com/mau-network/mau/account.go:416.2,416.18 1 1
github.com/mau-network/mau/account.go:416.18,418.3 1 1
github.com/mau-network/mau/account.go:420.2,420.35 1 1
github.com/mau-network/mau/account.go:423.56,424.42 1 1
github.com/mau-network/mau/account.go:424.42,425.47 1 1
github.com/mau-network/mau/account.go:425.47,427.4 1 0
github.com/mau-network/mau/account.go:429.2,429.12 1 1
github.com/mau-network/mau/account.go:434.86,438.49 3 1
github.com/mau-network/mau/account.go:438.49,440.3 1 1
github.com/mau-network/mau/account.go:441.2,441.51 1 1
github.com/mau-network/mau/account.go:441.51,443.3 1 0
github.com/mau-network/mau/account.go:445.2,445.27 1 1
github.com/mau-network/mau/account.go:453.73,455.26 2 1
github.com/mau-network/mau/account.go:455.26,456.57 1 1
github.com/mau-network/mau/account.go:456.57,458.4 1 1
github.com/mau-network/mau/account.go:460.2,460.15 1 1
github.com/mau-network/mau/account.go:463.66,464.27 1 1
github.com/mau-network/mau/account.go:464.27,466.3 1 1
github.com/mau-network/mau/account.go:468.2,469.16 2 1
github.com/mau-network/mau/account.go:469.16,471.3 1 0
github.com/mau-network/mau/account.go:473.2,474.23 2 1
github.com/mau-network/mau/account.go:474.23,476.3 1 1
github.com/mau-network/mau/account.go:478.2,481.3 1 1
github.com/mau-network/mau/account.go:484.49,485.51 1 1
github.com/mau-network/mau/account.go:485.51,486.44 1 1
github.com/mau-network/mau/account.go:486.44,488.4 1 0
github.com/mau-network/mau/account.go:489.3,489.43 1 1
github.com/mau-network/mau/account.go:489.43,491.4 1 1
github.com/mau-network/mau/account.go:492.3,492.11 1 0
github.com/mau-network/mau/account.go:496.60,497.47 1 1
github.com/mau-network/mau/account.go:497.47,499.3 1 1
github.com/mau-network/mau/account.go:500.2,500.24 1 0
github.com/mau-network/mau/account.go:503.91,505.16 2 1
github.com/mau-network/mau/account.go:505.16,507.3 1 1
github.com/mau-network/mau/account.go:509.2,510.16 2 1
github.com/mau-network/mau/account.go:510.16,512.3 1 0
github.com/mau-network/mau/account.go:514.2,518.37 4 1
github.com/mau-network/mau/account.go:521.62,523.29 2 1
github.com/mau-network/mau/account.go:523.29,527.3 1 1
github.com/mau-network/mau/account.go:528.2,528.13 1 1
github.com/mau-network/mau/account.go:536.37,536.87 1 1
github.com/mau-network/mau/account.go:540.62,542.16 2 1
github.com/mau-network/mau/account.go:542.16,544.3 1 1
github.com/mau-network/mau/account.go:546.2,546.62 1 1
github.com/mau-network/mau/account.go:546.62,548.3 1 1
github.com/mau-network/mau/account.go:550.2,550.20 1 0
github.com/mau-network/mau/account.go:554.81,556.16 2 1
github.com/mau-network/mau/account.go:556.16,561.3 1 1
github.com/mau-network/mau/account.go:563.2,565.31 2 1
github.com/mau-network/mau/account.go:568.55,572.16 3 1
github.com/mau-network/mau/account.go:572.16,574.3 1 1
github.com/mau-network/mau/account.go:576.2,577.53 2 1
github.com/mau-network/mau/account.go:577.53,579.3 1 0
github.com/mau-network/mau/account.go:581.2,581.20 1 1
github.com/mau-network/mau/account.go:584.57,588.16 3 1
github.com/mau-network/mau/account.go:588.16,590.3 1 0
github.com/mau-network/mau/account.go:592.2,592.47 1 1
github.com/mau-network/mau/client.go:33.80,35.16 2 1
github.com/mau-network/mau/client.go:35.16,37.3 1 0
github.com/mau-network/mau/client.go:39.2,45.15 3 1
github.com/mau-network/mau/client.go:48.72,53.2 1 1
github.com/mau-network/mau/client.go:55.68,69.2 1 1
github.com/mau-network/mau/client.go:71.139,75.31 2 1
github.com/mau-network/mau/client.go:75.31,76.41 1 1
github.com/mau-network/mau/client.go:76.41,78.4 1 1
github.com/mau-network/mau/client.go:81.2,81.9 1 1
github.com/mau-network/mau/client.go:82.30,83.22 1 1
github.com/mau-network/mau/client.go:84.20,85.31 1 0
github.com/mau-network/mau/client.go:89.135,91.16 2 0
github.com/mau-network/mau/client.go:91.16,93.3 1 0
github.com/mau-network/mau/client.go:95.2,95.40 1 0
github.com/mau-network/mau/client.go:95.40,97.3 1 0
github.com/mau-network/mau/client.go:99.2,100.26 2 0
github.com/mau-network/mau/client.go:100.26,102.3 1 0
github.com/mau-network/mau/client.go:104.2,104.21 1 0
github.com/mau-network/mau/client.go:107.143,117.2 3 1
github.com/mau-network/mau/client.go:119.83,125.2 1 1
github.com/mau-network/mau/client.go:127.143,128.22 1 1
github.com/mau-network/mau/client.go:128.22,129.10 1 1
github.com/mau-network/mau/client.go:130.21,131.14 1 0
github.com/mau-network/mau/client.go:132.11,136.18 3 1
github.com/mau-network/mau/client.go:136.18,138.5 1 0
github.com/mau-network/mau/client.go:141.2,141.12 1 1
github.com/mau-network/mau/client.go:144.146,145.33 1 1
github.com/mau-network/mau/client.go:145.33,147.3 1 0
github.com/mau-network/mau/client.go:149.2,150.45 2 1
github.com/mau-network/mau/client.go:150.45,152.3 1 1
github.com/mau-network/mau/client.go:154.2,155.16 2 1
github.com/mau-network/mau/client.go:155.16,157.3 1 0
github.com/mau-network/mau/client.go:159.2,160.16 2 1
github.com/mau-network/mau/client.go:160.16,162.3 1 1
github.com/mau-network/mau/client.go:164.2,164.63 1 1
github.com/mau-network/mau/client.go:167.160,169.16 2 1
github.com/mau-network/mau/client.go:169.16,171.3 1 1
github.com/mau-network/mau/client.go:173.2,173.40 1 1
github.com/mau-network/mau/client.go:173.40,175.3 1 0
github.com/mau-network/mau/client.go:177.2,178.26 2 1
github.com/mau-network/mau/client.go:178.26,180.3 1 0
github.com/mau-network/mau/client.go:182.2,182.27 1 1
github.com/mau-network/mau/client.go:185.91,187.37 2 1
github.com/mau-network/mau/client.go:187.37,189.3 1 1
github.com/mau-network/mau/client.go:191.2,192.40 2 1
github.com/mau-network/mau/client.go:195.150,207.16 2 1
github.com/mau-network/mau/client.go:207.16,209.3 1 0
github.com/mau-network/mau/client.go:211.2,211.40 1 1
github.com/mau-network/mau/client.go:211.40,213.3 1 0
github.com/mau-network/mau/client.go:215.2,215.31 1 1
github.com/mau-network/mau/client.go:218.71,219.33 1 1
github.com/mau-network/mau/client.go:219.33,221.3 1 0
github.com/mau-network/mau/client.go:223.2,225.19 3 1
github.com/mau-network/mau/client.go:225.19,227.3 1 0
github.com/mau-network/mau/client.go:229.2,229.12 1 1
github.com/mau-network/mau/client.go:232.100,235.16 3 1
github.com/mau-network/mau/client.go:235.16,237.3 1 0
github.com/mau-network/mau/client.go:240.2,242.16 3 1
github.com/mau-network/mau/client.go:242.16,245.3 2 0
github.com/mau-network/mau/client.go:247.2,247.21 1 1
github.com/mau-network/mau/client.go:250.57,253.16 2 1
github.com/mau-network/mau/client.go:253.16,256.3 2 0
github.com/mau-network/mau/client.go:259.2,260.58 2 1
github.com/mau-network/mau/client.go:260.58,263.3 2 0
github.com/mau-network/mau/client.go:266.2,267.55 2 1
github.com/mau-network/mau/client.go:267.55,270.3 2 0
github.com/mau-network/mau/client.go:272.2,272.12 1 1
github.com/mau-network/mau/client.go:275.136,281.50 2 1
github.com/mau-network/mau/client.go:281.50,283.3 1 1
github.com/mau-network/mau/client.go:285.2,286.16 2 1
github.com/mau-network/mau/client.go:286.16,288.3 1 0
github.com/mau-network/mau/client.go:290.2,290.50 1 1
github.com/mau-network/mau/client.go:293.154,295.16 2 1
github.com/mau-network/mau/client.go:295.16,297.3 1 0
github.com/mau-network/mau/client.go:299.2,299.62 1 1
github.com/mau-network/mau/client.go:299.62,301.3 1 0
github.com/mau-network/mau/client.go:303.2,303.18 1 1
github.com/mau-network/mau/client.go:306.88,308.16 2 1
github.com/mau-network/mau/client.go:308.16,310.3 1 0
github.com/mau-network/mau/client.go:312.2,312.43 1 1
github.com/mau-network/mau/client.go:312.43,313.57 1 1
github.com/mau-network/mau/client.go:313.57,315.4 1 0
github.com/mau-network/mau/client.go:318.2,318.51 1 1
github.com/mau-network/mau/client.go:318.51,321.3 2 0
github.com/mau-network/mau/client.go:323.2,323.12 1 1
github.com/mau-network/mau/client.go:326.90,327.35 1 1
github.com/mau-network/mau/client.go:327.35,329.17 2 1
github.com/mau-network/mau/client.go:329.17,331.4 1 0
github.com/mau-network/mau/client.go:333.3,334.17 2 1
github.com/mau-network/mau/client.go:334.17,336.4 1 0
github.com/mau-network/mau/client.go:338.3,338.19 1 1
github.com/mau-network/mau/client.go:338.19,340.4 1 1
github.com/mau-network/mau/client.go:343.2,343.36 1 1
github.com/mau-network/mau/file.go:25.46,29.2 1 1
github.com/mau-network/mau/file.go:31.48,36.2 1 1
github.com/mau-network/mau/file.go:38.42,39.16 1 1
github.com/mau-network/mau/file.go:39.16,41.3 1 0
github.com/mau-network/mau/file.go:44.2,44.33 1 1
github.com/mau-network/mau/file.go:44.33,46.3 1 0
github.com/mau-network/mau/file.go:49.2,49.35 1 1
github.com/mau-network/mau/file.go:49.35,51.3 1 0
github.com/mau-network/mau/file.go:53.2,53.12 1 1
github.com/mau-network/mau/file.go:61.30,62.14 1 1
github.com/mau-network/mau/file.go:62.14,64.3 1 0
github.com/mau-network/mau/file.go:65.2,65.26 1 1
github.com/mau-network/mau/file.go:68.35,69.15 1 1
github.com/mau-network/mau/file.go:69.15,71.3 1 0
github.com/mau-network/mau/file.go:73.2,74.42 2 1
github.com/mau-network/mau/file.go:74.42,76.3 1 1
github.com/mau-network/mau/file.go:78.2,79.16 2 1
github.com/mau-network/mau/file.go:79.16,81.3 1 0
github.com/mau-network/mau/file.go:83.2,83.46 1 1
github.com/mau-network/mau/file.go:86.81,88.32 2 1
github.com/mau-network/mau/file.go:88.32,89.21 1 1
github.com/mau-network/mau/file.go:89.21,94.4 1 1
github.com/mau-network/mau/file.go:96.2,96.17 1 1
github.com/mau-network/mau/file.go:99.86,101.46 2 1
github.com/mau-network/mau/file.go:101.46,103.3 1 1
github.com/mau-network/mau/file.go:104.2,104.16 1 1
github.com/mau-network/mau/file.go:107.79,109.33 2 1
github.com/mau-network/mau/file.go:109.33,111.3 1 1
github.com/mau-network/mau/file.go:112.2,112.12 1 1
github.com/mau-network/mau/file.go:115.101,117.16 2 1
github.com/mau-network/mau/file.go:117.16,119.3 1 1
github.com/mau-network/mau/file.go:120.2,120.15 1 1
github.com/mau-network/mau/file.go:120.15,122.3 1 0
github.com/mau-network/mau/file.go:124.2,124.18 1 1
github.com/mau-network/mau/file.go:124.18,126.3 1 0
github.com/mau-network/mau/file.go:128.2,128.51 1 1
github.com/mau-network/mau/file.go:128.51,130.3 1 0
github.com/mau-network/mau/file.go:132.2,132.16 1 1
github.com/mau-network/mau/file.go:135.63,137.16 2 1
github.com/mau-network/mau/file.go:137.16,139.3 1 0
github.com/mau-network/mau/file.go:141.2,141.30 1 1
github.com/mau-network/mau/file.go:141.30,143.3 1 0
github.com/mau-network/mau/file.go:145.2,145.12 1 1
github.com/mau-network/mau/file.go:148.88,149.56 1 1
github.com/mau-network/mau/file.go:149.56,151.3 1 0
github.com/mau-network/mau/file.go:153.2,154.36 2 1
github.com/mau-network/mau/file.go:154.36,157.3 1 1
github.com/mau-network/mau/file.go:159.2,159.12 1 1
github.com/mau-network/mau/file.go:163.84,165.16 2 1
github.com/mau-network/mau/file.go:165.16,167.3 1 1
github.com/mau-network/mau/file.go:169.2,170.16 2 1
github.com/mau-network/mau/file.go:170.16,172.3 1 0
github.com/mau-network/mau/file.go:174.2,174.70 1 1
github.com/mau-network/mau/file.go:174.70,176.3 1 1
github.com/mau-network/mau/file.go:178.2,178.82 1 1
github.com/mau-network/mau/file.go:181.131,184.16 3 1
github.com/mau-network/mau/file.go:184.16,186.3 1 1
github.com/mau-network/mau/file.go:187.2,187.15 1 1
github.com/mau-network/mau/file.go:187.15,189.3 1 0
github.com/mau-network/mau/file.go:191.2,191.48 1 1
github.com/mau-network/mau/file.go:194.60,198.6 3 1
github.com/mau-network/mau/file.go:198.6,200.17 2 1
github.com/mau-network/mau/file.go:200.17,201.9 1 1
github.com/mau-network/mau/file.go:204.3,204.49 1 1
github.com/mau-network/mau/file.go:204.49,206.4 1 1
github.com/mau-network/mau/file.go:209.2,209.21 1 1
github.com/mau-network/mau/file.go:212.67,214.28 2 1
github.com/mau-network/mau/file.go:214.28,215.54 1 1
github.com/mau-network/mau/file.go:215.54,217.4 1 1
github.com/mau-network/mau/file.go:219.2,219.19 1 1
github.com/mau-network/mau/file.go:222.64,223.20 1 1
github.com/mau-network/mau/file.go:223.20,225.3 1 0
github.com/mau-network/mau/file.go:227.2,228.16 2 1
github.com/mau-network/mau/file.go:228.16,230.3 1 1
github.com/mau-network/mau/file.go:231.2,234.16 3 1
github.com/mau-network/mau/file.go:234.16,236.3 1 0
github.com/mau-network/mau/file.go:238.2,238.52 1 1
github.com/mau-network/mau/file.go:241.85,243.16 2 1
github.com/mau-network/mau/file.go:243.16,245.3 1 1
github.com/mau-network/mau/file.go:247.2,248.16 2 1
github.com/mau-network/mau/file.go:248.16,251.3 2 0
github.com/mau-network/mau/file.go:253.2,253.18 1 1
github.com/mau-network/mau/file.go:256.72,258.2 1 1
github.com/mau-network/mau/file.go:260.60,261.14 1 1
github.com/mau-network/mau/file.go:261.14,263.3 1 0
github.com/mau-network/mau/file.go:264.2,264.20 1 1
github.com/mau-network/mau/file.go:264.20,266.3 1 0
github.com/mau-network/mau/file.go:268.2,269.16 2 1
github.com/mau-network/mau/file.go:269.16,271.3 1 0
github.com/mau-network/mau/file.go:273.2,273.41 1 1
github.com/mau-network/mau/file.go:276.85,279.16 3 1
github.com/mau-network/mau/file.go:279.16,281.3 1 0
github.com/mau-network/mau/file.go:282.2,282.26 1 1
github.com/mau-network/mau/file.go:282.26,284.3 1 0
github.com/mau-network/mau/file.go:286.2,286.42 1 1
github.com/mau-network/mau/file.go:289.39,291.16 2 1
github.com/mau-network/mau/file.go:291.16,293.3 1 0
github.com/mau-network/mau/file.go:295.2,297.16 3 1
github.com/mau-network/mau/file.go:297.16,299.3 1 0
github.com/mau-network/mau/file.go:301.2,303.37 2 1
github.com/mau-network/mau/file.go:306.38,308.16 2 1
github.com/mau-network/mau/file.go:308.16,310.3 1 1
github.com/mau-network/mau/file.go:312.2,312.25 1 1
github.com/mau-network/mau/file.go:315.31,318.2 2 1
github.com/mau-network/mau/file.go:320.88,321.47 1 1
github.com/mau-network/mau/file.go:321.47,323.3 1 0
github.com/mau-network/mau/file.go:324.2,324.50 1 1
github.com/mau-network/mau/file.go:324.50,326.3 1 0
github.com/mau-network/mau/file.go:328.2,329.16 2 1
github.com/mau-network/mau/file.go:329.16,331.3 1 1
github.com/mau-network/mau/file.go:333.2,333.50 1 1
github.com/mau-network/mau/file.go:336.72,337.47 1 1
github.com/mau-network/mau/file.go:337.47,339.3 1 0
github.com/mau-network/mau/file.go:341.2,342.16 2 1
github.com/mau-network/mau/file.go:342.16,344.3 1 1
github.com/mau-network/mau/file.go:346.2,346.35 1 1
github.com/mau-network/mau/fingerprint.go:26.38,28.2 1 1
github.com/mau-network/mau/fingerprint.go:30.52,32.2 1 1
github.com/mau-network/mau/fingerprint.go:34.53,35.36 1 1
github.com/mau-network/mau/fingerprint.go:35.36,37.3 1 1
github.com/mau-network/mau/fingerprint.go:39.2,39.37 1 1
github.com/mau-network/mau/fingerprint.go:39.37,41.3 1 0
github.com/mau-network/mau/fingerprint.go:43.2,45.16 3 1
github.com/mau-network/mau/fingerprint.go:45.16,47.3 1 0
github.com/mau-network/mau/fingerprint.go:49.2,51.12 2 1
github.com/mau-network/mau/fingerprint.go:54.67,56.27 2 1
github.com/mau-network/mau/fingerprint.go:56.27,59.3 2 1
github.com/mau-network/mau/fingerprint.go:61.2,63.16 3 1
github.com/mau-network/mau/fingerprint.go:63.16,65.3 1 1
github.com/mau-network/mau/fingerprint.go:67.2,68.8 2 1
github.com/mau-network/mau/fingerprint.go:71.74,72.29 1 1
github.com/mau-network/mau/fingerprint.go:72.29,73.34 1 1
github.com/mau-network/mau/fingerprint.go:74.17,75.57 1 1
github.com/mau-network/mau/fingerprint.go:75.57,78.5 1 1
github.com/mau-network/mau/fingerprint.go:79.19,80.59 1 0
github.com/mau-network/mau/fingerprint.go:80.59,82.5 1 0
github.com/mau-network/mau/fingerprint.go:83.11,84.54 1 0
github.com/mau-network/mau/fingerprint.go:88.2,88.46 1 1
github.com/mau-network/mau/fingerprint.go:91.63,92.29 1 1
github.com/mau-network/mau/fingerprint.go:92.29,93.38 1 1
github.com/mau-network/mau/fingerprint.go:93.38,95.4 1 1
github.com/mau-network/mau/fingerprint.go:98.2,98.31 1 0
github.com/mau-network/mau/follow.go:9.52,11.16 2 1
github.com/mau-network/mau/follow.go:11.16,13.3 1 0
github.com/mau-network/mau/follow.go:15.2,16.16 2 1
github.com/mau-network/mau/follow.go:16.16,18.3 1 0
github.com/mau-network/mau/follow.go:20.2,20.54 1 1
github.com/mau-network/mau/follow.go:23.91,25.29 2 1
github.com/mau-network/mau/follow.go:25.29,26.44 1 1
github.com/mau-network/mau/follow.go:26.44,27.76 1 1
github.com/mau-network/mau/follow.go:27.76,29.5 1 1
github.com/mau-network/mau/follow.go:32.2,32.16 1 1
github.com/mau-network/mau/follow.go:35.78,37.16 2 1
github.com/mau-network/mau/follow.go:37.16,39.3 1 1
github.com/mau-network/mau/follow.go:40.2,40.39 1 1
github.com/mau-network/mau/follow.go:43.48,48.45 4 1
github.com/mau-network/mau/follow.go:48.45,50.3 1 0
github.com/mau-network/mau/follow.go:52.2,52.47 1 1
github.com/mau-network/mau/follow.go:52.47,54.3 1 0
github.com/mau-network/mau/follow.go:56.2,56.36 1 1
github.com/mau-network/mau/follow.go:59.50,64.45 4 1
github.com/mau-network/mau/follow.go:64.45,66.3 1 1
github.com/mau-network/mau/follow.go:68.2,68.12 1 1
github.com/mau-network/mau/friend.go:22.45,23.33 1 1
github.com/mau-network/mau/friend.go:23.33,25.3 1 0
github.com/mau-network/mau/friend.go:26.2,26.40 1 1
github.com/mau-network/mau/friend.go:26.40,28.3 1 1
github.com/mau-network/mau/friend.go:30.2,30.26 1 0
github.com/mau-network/mau/friend.go:33.32,34.33 1 1
github.com/mau-network/mau/friend.go:34.33,36.3 1 0
github.com/mau-network/mau/friend.go:37.2,37.40 1 1
github.com/mau-network/mau/friend.go:37.40,39.3 1 1
github.com/mau-network/mau/friend.go:41.2,41.11 1 0
github.com/mau-network/mau/friend.go:44.33,45.33 1 1
github.com/mau-network/mau/friend.go:45.33,47.3 1 0
github.com/mau-network/mau/friend.go:48.2,48.40 1 1
github.com/mau-network/mau/friend.go:48.40,50.3 1 1
github.com/mau-network/mau/friend.go:52.2,52.11 1 0
github.com/mau-network/mau/friend.go:55.44,56.63 1 1
github.com/mau-network/mau/friend.go:56.63,58.3 1 0
github.com/mau-network/mau/friend.go:59.2,59.40 1 1
github.com/mau-network/mau/friend.go:62.70,66.16 3 1
github.com/mau-network/mau/friend.go:66.16,68.3 1 1
github.com/mau-network/mau/friend.go:69.2,69.26 1 1
github.com/mau-network/mau/friend.go:69.26,71.3 1 0
github.com/mau-network/mau/friend.go:73.2,74.16 2 1
github.com/mau-network/mau/friend.go:74.16,76.3 1 0
github.com/mau-network/mau/friend.go:78.2,78.37 1 1
github.com/mau-network/mau/friend.go:81.64,83.16 2 1
github.com/mau-network/mau/friend.go:83.16,85.3 1 0
github.com/mau-network/mau/friend.go:87.2,88.56 2 1
github.com/mau-network/mau/friend.go:88.56,90.3 1 0
github.com/mau-network/mau/friend.go:92.2,92.37 1 1
github.com/mau-network/mau/friend.go:95.71,97.16 2 1
github.com/mau-network/mau/friend.go:97.16,99.3 1 0
github.com/mau-network/mau/friend.go:101.2,102.16 2 1
github.com/mau-network/mau/friend.go:102.16,104.3 1 0
github.com/mau-network/mau/friend.go:106.2,106.47 1 1
github.com/mau-network/mau/friend.go:106.47,108.3 1 0
github.com/mau-network/mau/friend.go:110.2,110.20 1 1
github.com/mau-network/mau/friend.go:113.78,116.16 3 1
github.com/mau-network/mau/friend.go:116.16,118.3 1 0
github.com/mau-network/mau/friend.go:119.2,121.50 2 1
github.com/mau-network/mau/friend.go:124.90,127.16 3 1
github.com/mau-network/mau/friend.go:127.16,129.3 1 0
github.com/mau-network/mau/friend.go:130.2,130.14 1 1
github.com/mau-network/mau/friend.go:130.14,132.3 1 0
github.com/mau-network/mau/friend.go:134.2,134.44 1 1
github.com/mau-network/mau/friend.go:134.44,137.3 2 0
github.com/mau-network/mau/friend.go:139.2,139.18 1 1
github.com/mau-network/mau/friend.go:142.54,144.16 2 1
github.com/mau-network/mau/friend.go:144.16,146.3 1 0
github.com/mau-network/mau/friend.go:148.2,148.53 1 1
github.com/mau-network/mau/friend.go:148.53,150.3 1 0
github.com/mau-network/mau/friend.go:152.2,152.27 1 1
github.com/mau-network/mau/friend.go:155.69,161.16 5 1
github.com/mau-network/mau/friend.go:161.16,163.3 1 0
github.com/mau-network/mau/friend.go:165.2,165.50 1 1
github.com/mau-network/mau/friend.go:165.50,167.3 1 1
github.com/mau-network/mau/friend.go:169.2,169.21 1 1
github.com/mau-network/mau/friend.go:172.61,173.32 1 1
github.com/mau-network/mau/friend.go:173.32,174.42 1 1
github.com/mau-network/mau/friend.go:174.42,176.4 1 0
github.com/mau-network/mau/friend.go:178.2,178.12 1 1
github.com/mau-network/mau/friend.go:181.51,185.16 3 1
github.com/mau-network/mau/friend.go:185.16,187.3 1 1
github.com/mau-network/mau/friend.go:189.2,189.22 1 1
github.com/mau-network/mau/kademlia.go:45.64,57.2 4 1
github.com/mau-network/mau/kademlia.go:59.71,61.2 1 1
github.com/mau-network/mau/kademlia.go:64.69,65.40 1 1
github.com/mau-network/mau/kademlia.go:65.40,67.3 1 0
github.com/mau-network/mau/kademlia.go:69.2,70.16 2 1
github.com/mau-network/mau/kademlia.go:70.16,72.3 1 0
github.com/mau-network/mau/kademlia.go:74.2,76.16 2 1
github.com/mau-network/mau/kademlia.go:76.16,78.3 1 1
github.com/mau-network/mau/kademlia.go:80.2,80.12 1 1
github.com/mau-network/mau/kademlia.go:83.66,89.2 4 1
github.com/mau-network/mau/kademlia.go:91.92,100.2 3 1
github.com/mau-network/mau/kademlia.go:102.65,106.2 3 1
github.com/mau-network/mau/kademlia.go:109.73,111.16 2 1
github.com/mau-network/mau/kademlia.go:111.16,114.3 2 1
github.com/mau-network/mau/kademlia.go:118.87,119.28 1 1
github.com/mau-network/mau/kademlia.go:119.28,120.35 1 1
github.com/mau-network/mau/kademlia.go:120.35,122.4 1 1
github.com/mau-network/mau/kademlia.go:124.2,124.12 1 1
github.com/mau-network/mau/kademlia.go:127.149,128.39 1 1
github.com/mau-network/mau/kademlia.go:128.39,131.17 2 1
github.com/mau-network/mau/kademlia.go:131.17,133.4 1 0
github.com/mau-network/mau/kademlia.go:135.3,135.15 1 1
github.com/mau-network/mau/kademlia.go:135.15,138.9 3 1
github.com/mau-network/mau/kademlia.go:143.94,145.23 2 1
github.com/mau-network/mau/kademlia.go:145.23,147.3 1 1
github.com/mau-network/mau/kademlia.go:149.2,149.76 1 1
github.com/mau-network/mau/kademlia.go:149.76,151.3 1 1
github.com/mau-network/mau/kademlia.go:153.2,153.54 1 1
github.com/mau-network/mau/kademlia.go:156.115,169.2 9 1
github.com/mau-network/mau/kademlia.go:171.183,172.29 1 1
github.com/mau-network/mau/kademlia.go:172.29,173.13 1 1
github.com/mau-network/mau/kademlia.go:173.13,176.4 2 1
github.com/mau-network/mau/kademlia.go:180.94,181.12 1 1
github.com/mau-network/mau/kademlia.go:181.12,184.3 2 1
github.com/mau-network/mau/kademlia.go:187.124,189.17 2 1
github.com/mau-network/mau/kademlia.go:189.17,191.3 1 0
github.com/mau-network/mau/kademlia.go:193.2,194.16 2 1
github.com/mau-network/mau/kademlia.go:194.16,196.3 1 0
github.com/mau-network/mau/kademlia.go:198.2,202.19 4 1
github.com/mau-network/mau/kademlia.go:202.19,204.3 1 1
github.com/mau-network/mau/kademlia.go:206.2,207.17 2 1
github.com/mau-network/mau/kademlia.go:210.49,211.22 1 1
github.com/mau-network/mau/kademlia.go:211.22,213.3 1 0
github.com/mau-network/mau/kademlia.go:214.2,214.14 1 1
github.com/mau-network/mau/kademlia.go:217.120,219.16 2 1
github.com/mau-network/mau/kademlia.go:219.16,221.3 1 0
github.com/mau-network/mau/kademlia.go:223.2,225.16 3 1
github.com/mau-network/mau/kademlia.go:225.16,228.3 2 0
github.com/mau-network/mau/kademlia.go:230.2,230.24 1 1
github.com/mau-network/mau/kademlia.go:233.71,240.2 2 1
github.com/mau-network/mau/kademlia.go:242.110,252.2 3 1
github.com/mau-network/mau/kademlia.go:254.85,255.23 1 1
github.com/mau-network/mau/kademlia.go:255.23,256.42 1 1
github.com/mau-network/mau/kademlia.go:256.42,258.4 1 1
github.com/mau-network/mau/kademlia.go:260.2,260.12 1 1
github.com/mau-network/mau/kademlia.go:263.77,264.48 1 1
github.com/mau-network/mau/kademlia.go:264.48,267.3 2 0
github.com/mau-network/mau/kademlia.go:269.2,270.16 2 1
github.com/mau-network/mau/kademlia.go:270.16,273.3 2 0
github.com/mau-network/mau/kademlia.go:275.2,275.37 1 1
github.com/mau-network/mau/kademlia.go:278.86,281.2 2 1
github.com/mau-network/mau/kademlia.go:283.87,286.16 3 1
github.com/mau-network/mau/kademlia.go:286.16,289.3 2 0
github.com/mau-network/mau/kademlia.go:291.2,291.43 1 1
github.com/mau-network/mau/kademlia.go:291.43,293.3 1 0
github.com/mau-network/mau/kademlia.go:298.66,299.25 1 1
github.com/mau-network/mau/kademlia.go:299.25,301.3 1 1
github.com/mau-network/mau/kademlia.go:303.2,303.33 1 1
github.com/mau-network/mau/kademlia.go:303.33,305.3 1 1
github.com/mau-network/mau/kademlia.go:307.2,312.26 5 1
github.com/mau-network/mau/kademlia.go:316.29,317.28 1 1
github.com/mau-network/mau/kademlia.go:317.28,319.3 1 1
github.com/mau-network/mau/kademlia.go:323.63,324.18 1 1
github.com/mau-network/mau/kademlia.go:324.18,326.3 1 1
github.com/mau-network/mau/kademlia.go:328.2,329.16 2 1
github.com/mau-network/mau/kademlia.go:329.16,331.3 1 0
github.com/mau-network/mau/kademlia.go:333.2,334.16 2 1
github.com/mau-network/mau/kademlia.go:334.16,336.3 1 0
github.com/mau-network/mau/kademlia.go:338.2,343.12 2 1
github.com/mau-network/mau/kademlia.go:349.41,351.49 1 1
github.com/mau-network/mau/kademlia.go:351.49,353.3 1 1
github.com/mau-network/mau/kademlia.go:355.2,357.61 2 1
github.com/mau-network/mau/kademlia.go:357.61,359.3 1 1
github.com/mau-network/mau/kademlia.go:359.8,359.29 1 1
github.com/mau-network/mau/kademlia.go:359.29,361.3 1 1
github.com/mau-network/mau/kademlia.go:361.8,361.68 1 0
github.com/mau-network/mau/kademlia.go:361.68,362.56 1 0
github.com/mau-network/mau/kademlia.go:362.56,364.4 1 0
github.com/mau-network/mau/kademlia.go:364.9,367.4 2 0
github.com/mau-network/mau/kademlia.go:371.44,374.2 2 1
github.com/mau-network/mau/kademlia.go:377.60,378.27 1 1
github.com/mau-network/mau/kademlia.go:378.27,380.3 1 1
github.com/mau-network/mau/kademlia.go:384.107,386.35 2 1
github.com/mau-network/mau/kademlia.go:386.35,388.3 1 1
github.com/mau-network/mau/kademlia.go:389.2,389.25 1 1
github.com/mau-network/mau/kademlia.go:392.61,394.2 1 0
github.com/mau-network/mau/kademlia.go:396.62,397.6 1 1
github.com/mau-network/mau/kademlia.go:397.6,399.20 2 1
github.com/mau-network/mau/kademlia.go:399.20,401.4 1 1
github.com/mau-network/mau/kademlia.go:403.3,403.10 1 0
github.com/mau-network/mau/kademlia.go:404.21,405.10 1 0
github.com/mau-network/mau/kademlia.go:406.32,407.38 1 0
github.com/mau-network/mau/kademlia.go:407.38,409.5 1 0
github.com/mau-network/mau/kademlia.go:414.81,416.27 2 1
github.com/mau-network/mau/kademlia.go:416.27,418.3 1 1
github.com/mau-network/mau/kademlia.go:419.2,419.18 1 1
github.com/mau-network/mau/kademlia.go:422.70,423.27 1 0
github.com/mau-network/mau/kademlia.go:423.27,424.31 1 0
github.com/mau-network/mau/kademlia.go:424.31,425.11 1 0
github.com/mau-network/mau/kademlia.go:426.22,427.17 1 0
github.com/mau-network/mau/kademlia.go:428.12,429.28 1 0
github.com/mau-network/mau/kademlia.go:433.2,433.13 1 0
github.com/mau-network/mau/kademlia.go:436.63,437.54 1 1
github.com/mau-network/mau/kademlia.go:437.54,442.3 4 1
github.com/mau-network/mau/kademlia.go:446.73,450.67 3 1
github.com/mau-network/mau/kademlia.go:450.67,451.15 1 1
github.com/mau-network/mau/kademlia.go:451.15,453.4 1 1
github.com/mau-network/mau/kademlia.go:454.3,454.18 1 1
github.com/mau-network/mau/kademlia.go:454.18,456.4 1 1
github.com/mau-network/mau/kademlia.go:459.2,461.24 2 1
github.com/mau-network/mau/kademlia.go:461.24,463.3 1 0
github.com/mau-network/mau/kademlia.go:465.2,465.14 1 1
github.com/mau-network/mau/kademlia.go:469.64,471.16 2 1
github.com/mau-network/mau/kademlia.go:471.16,473.3 1 1
github.com/mau-network/mau/kademlia.go:474.2,474.8 1 1
github.com/mau-network/mau/kademlia.go:487.53,491.26 3 1
github.com/mau-network/mau/kademlia.go:491.26,492.45 1 1
github.com/mau-network/mau/kademlia.go:492.45,494.4 1 1
github.com/mau-network/mau/kademlia.go:497.2,497.12 1 1
github.com/mau-network/mau/kademlia.go:501.37,506.26 4 1
github.com/mau-network/mau/kademlia.go:506.26,507.50 1 1
github.com/mau-network/mau/kademlia.go:507.50,509.4 1 1
github.com/mau-network/mau/kademlia.go:512.2,512.22 1 1
github.com/mau-network/mau/kademlia.go:516.40,522.2 4 1
github.com/mau-network/mau/kademlia.go:525.41,530.26 4 1
github.com/mau-network/mau/kademlia.go:530.26,531.50 1 1
github.com/mau-network/mau/kademlia.go:531.50,533.4 1 1
github.com/mau-network/mau/kademlia.go:536.2,537.27 2 1
github.com/mau-network/mau/kademlia.go:541.51,545.23 3 1
github.com/mau-network/mau/kademlia.go:545.23,547.3 1 1
github.com/mau-network/mau/kademlia.go:549.2,549.8 1 1
github.com/mau-network/mau/kademlia.go:553.37,557.24 3 1
github.com/mau-network/mau/kademlia.go:557.24,559.3 1 1
github.com/mau-network/mau/kademlia.go:561.2,561.43 1 1
github.com/mau-network/mau/kademlia.go:565.32,570.2 3 1
github.com/mau-network/mau/kademlia.go:573.32,581.2 5 1
github.com/mau-network/mau/kademlia.go:591.74,601.2 3 1
github.com/mau-network/mau/kademlia.go:603.46,607.23 3 1
github.com/mau-network/mau/kademlia.go:607.23,608.36 1 1
github.com/mau-network/mau/kademlia.go:608.36,609.12 1 1
github.com/mau-network/mau/kademlia.go:612.3,613.38 2 1
github.com/mau-network/mau/kademlia.go:616.2,616.40 1 1
github.com/mau-network/mau/kademlia.go:619.38,623.23 3 1
github.com/mau-network/mau/kademlia.go:623.23,625.3 1 0
github.com/mau-network/mau/kademlia.go:627.2,629.13 3 1
github.com/mau-network/mau/kademlia.go:632.36,636.2 3 1
github.com/mau-network/mau/kademlia.go:639.44,640.19 1 1
github.com/mau-network/mau/kademlia.go:640.19,642.3 1 1
github.com/mau-network/mau/kademlia.go:644.2,644.8 1 1
github.com/mau-network/mau/kademlia.go:648.35,649.22 1 1
github.com/mau-network/mau/kademlia.go:649.22,650.13 1 1
github.com/mau-network/mau/kademlia.go:650.13,652.4 1 1
github.com/mau-network/mau/kademlia.go:655.2,655.19 1 1
github.com/mau-network/mau/kademlia.go:659.61,660.46 1 1
github.com/mau-network/mau/kademlia.go:660.46,664.3 3 1
github.com/mau-network/mau/keyring.go:15.33,16.14 1 1
github.com/mau-network/mau/keyring.go:16.14,18.3 1 1
github.com/mau-network/mau/keyring.go:19.2,19.26 1 1
github.com/mau-network/mau/keyring.go:22.42,24.30 2 1
github.com/mau-network/mau/keyring.go:24.30,26.3 1 1
github.com/mau-network/mau/keyring.go:28.2,28.35 1 1
github.com/mau-network/mau/keyring.go:28.35,29.37 1 1
github.com/mau-network/mau/keyring.go:29.37,31.4 1 1
github.com/mau-network/mau/keyring.go:34.2,35.28 2 1
github.com/mau-network/mau/keyring.go:35.28,37.3 1 1
github.com/mau-network/mau/keyring.go:39.2,39.12 1 1
github.com/mau-network/mau/keyring.go:42.70,43.14 1 1
github.com/mau-network/mau/keyring.go:43.14,45.3 1 1
github.com/mau-network/mau/keyring.go:47.2,47.35 1 1
github.com/mau-network/mau/keyring.go:47.35,48.42 1 1
github.com/mau-network/mau/keyring.go:48.42,50.4 1 1
github.com/mau-network/mau/keyring.go:53.2,53.40 1 1
github.com/mau-network/mau/keyring.go:53.40,55.20 2 1
github.com/mau-network/mau/keyring.go:55.20,57.4 1 1
github.com/mau-network/mau/keyring.go:60.2,60.12 1 1
github.com/mau-network/mau/keyring.go:63.49,64.30 1 1
github.com/mau-network/mau/keyring.go:64.30,65.38 1 1
github.com/mau-network/mau/keyring.go:65.38,67.4 1 1
github.com/mau-network/mau/keyring.go:68.3,68.39 1 1
github.com/mau-network/mau/keyring.go:68.39,69.32 1 1
github.com/mau-network/mau/keyring.go:69.32,71.5 1 1
github.com/mau-network/mau/keyring.go:75.2,75.35 1 1
github.com/mau-network/mau/keyring.go:75.35,77.15 2 1
github.com/mau-network/mau/keyring.go:77.15,79.4 1 1
github.com/mau-network/mau/keyring.go:82.2,82.12 1 1
github.com/mau-network/mau/keyring.go:85.48,87.16 2 1
github.com/mau-network/mau/keyring.go:87.16,89.3 1 0
github.com/mau-network/mau/keyring.go:91.2,91.29 1 1
github.com/mau-network/mau/keyring.go:91.29,92.40 1 1
github.com/mau-network/mau/keyring.go:92.40,93.12 1 1
github.com/mau-network/mau/keyring.go:96.3,96.62 1 1
github.com/mau-network/mau/keyring.go:96.62,98.4 1 1
github.com/mau-network/mau/keyring.go:101.2,101.12 1 1
github.com/mau-network/mau/keyring.go:104.81,107.18 2 1
github.com/mau-network/mau/keyring.go:107.18,109.3 1 1
github.com/mau-network/mau/keyring.go:111.2,111.43 1 1
github.com/mau-network/mau/keyring.go:114.75,116.46 2 1
github.com/mau-network/mau/keyring.go:116.46,118.3 1 0
github.com/mau-network/mau/keyring.go:120.2,121.12 2 1
github.com/mau-network/mau/keyring.go:124.74,126.16 2 1
github.com/mau-network/mau/keyring.go:126.16,128.3 1 0
github.com/mau-network/mau/keyring.go:129.2,132.16 3 1
github.com/mau-network/mau/keyring.go:132.16,134.3 1 1
github.com/mau-network/mau/keyring.go:136.2,137.12 2 1
github.com/mau-network/mau/listen.go:9.51,12.16 2 1
github.com/mau-network/mau/listen.go:12.16,14.3 1 1
github.com/mau-network/mau/listen.go:17.2,18.16 2 1
github.com/mau-network/mau/listen.go:18.16,20.3 1 1
github.com/mau-network/mau/listen.go:22.2,22.22 1 0
github.com/mau-network/mau/resolvers.go:15.56,16.91 1 1
github.com/mau-network/mau/resolvers.go:16.91,17.10 1 1
github.com/mau-network/mau/resolvers.go:18.21,19.14 1 1
github.com/mau-network/mau/resolvers.go:20.11,21.24 1 1
github.com/mau-network/mau/resolvers.go:23.3,23.13 1 1
github.com/mau-network/mau/resolvers.go:30.102,35.16 4 1
github.com/mau-network/mau/resolvers.go:35.16,37.3 1 0
github.com/mau-network/mau/resolvers.go:39.2,39.6 1 1
github.com/mau-network/mau/resolvers.go:39.6,40.10 1 1
github.com/mau-network/mau/resolvers.go:41.29,42.26 1 1
github.com/mau-network/mau/resolvers.go:42.26,45.5 2 1
github.com/mau-network/mau/resolvers.go:46.21,47.14 1 0
github.com/mau-network/mau/resolvers.go:58.64,59.91 1 1
github.com/mau-network/mau/resolvers.go:59.91,60.30 1 1
github.com/mau-network/mau/resolvers.go:60.30,62.4 1 1
github.com/mau-network/mau/resolvers.go:65.3,66.18 2 1
github.com/mau-network/mau/resolvers.go:66.18,68.4 1 1
github.com/mau-network/mau/resolvers.go:70.3,70.13 1 1
github.com/mau-network/mau/server.go:39.63,41.16 2 1
github.com/mau-network/mau/server.go:41.16,43.3 1 0
github.com/mau-network/mau/server.go:45.2,57.16 4 1
github.com/mau-network/mau/server.go:60.80,69.2 1 1
github.com/mau-network/mau/server.go:71.62,86.2 1 1
github.com/mau-network/mau/server.go:94.68,95.32 1 1
github.com/mau-network/mau/server.go:95.32,97.3 1 0
github.com/mau-network/mau/server.go:99.2,99.9 1 1
github.com/mau-network/mau/server.go:100.39,101.15 1 1
github.com/mau-network/mau/server.go:102.38,103.14 1 1
github.com/mau-network/mau/server.go:104.42,105.18 1 1
github.com/mau-network/mau/server.go:106.10,107.43 1 1
github.com/mau-network/mau/server.go:111.70,112.33 1 1
github.com/mau-network/mau/server.go:112.33,114.3 1 0
github.com/mau-network/mau/server.go:116.2,118.42 2 1
github.com/mau-network/mau/server.go:118.42,120.3 1 0
github.com/mau-network/mau/server.go:122.2,122.74 1 1
github.com/mau-network/mau/server.go:122.74,124.3 1 0
github.com/mau-network/mau/server.go:126.2,126.41 1 1
github.com/mau-network/mau/server.go:129.44,133.16 3 1
github.com/mau-network/mau/server.go:133.16,135.3 1 0
github.com/mau-network/mau/server.go:137.2,138.16 2 1
github.com/mau-network/mau/server.go:138.16,143.3 2 0
github.com/mau-network/mau/server.go:145.2,147.12 2 1
github.com/mau-network/mau/server.go:150.78,155.2 4 1
github.com/mau-network/mau/server.go:157.32,159.25 2 1
github.com/mau-network/mau/server.go:159.25,161.3 1 1
github.com/mau-network/mau/server.go:162.2,163.24 2 1
github.com/mau-network/mau/server.go:163.24,165.3 1 1
github.com/mau-network/mau/server.go:167.2,167.40 1 1
github.com/mau-network/mau/server.go:170.63,172.27 2 1
github.com/mau-network/mau/server.go:172.27,174.3 1 0
github.com/mau-network/mau/server.go:176.2,176.40 1 1
github.com/mau-network/mau/server.go:179.71,181.16 2 1
github.com/mau-network/mau/server.go:181.16,184.3 2 0
github.com/mau-network/mau/server.go:186.2,187.16 2 1
github.com/mau-network/mau/server.go:187.16,189.3 1 0
github.com/mau-network/mau/server.go:191.2,191.24 1 1
github.com/mau-network/mau/server.go:194.104,196.16 2 1
github.com/mau-network/mau/server.go:196.16,199.3 2 0
github.com/mau-network/mau/server.go:201.2,202.16 2 1
github.com/mau-network/mau/server.go:202.16,204.3 1 0
github.com/mau-network/mau/server.go:206.2,206.54 1 1
github.com/mau-network/mau/server.go:206.54,208.3 1 1
github.com/mau-network/mau/server.go:210.2,214.9 1 1
github.com/mau-network/mau/server.go:217.63,219.16 2 1
github.com/mau-network/mau/server.go:219.16,222.3 2 0
github.com/mau-network/mau/server.go:224.2,226.30 2 1
github.com/mau-network/mau/server.go:229.84,231.16 2 1
github.com/mau-network/mau/server.go:231.16,233.3 1 0
github.com/mau-network/mau/server.go:235.2,237.16 3 1
github.com/mau-network/mau/server.go:237.16,239.3 1 0
github.com/mau-network/mau/server.go:241.2,241.31 1 1
github.com/mau-network/mau/server.go:244.105,248.28 3 1
github.com/mau-network/mau/server.go:248.28,249.60 1 1
github.com/mau-network/mau/server.go:249.60,251.4 1 1
github.com/mau-network/mau/server.go:254.2,254.13 1 1
github.com/mau-network/mau/server.go:257.80,259.16 2 1
github.com/mau-network/mau/server.go:259.16,262.3 2 0
github.com/mau-network/mau/server.go:264.2,266.46 3 1
github.com/mau-network/mau/server.go:266.46,268.3 1 0
github.com/mau-network/mau/server.go:271.62,273.16 2 1
github.com/mau-network/mau/server.go:273.16,275.3 1 0
github.com/mau-network/mau/server.go:277.2,278.16 2 1
github.com/mau-network/mau/server.go:278.16,280.3 1 1
github.com/mau-network/mau/server.go:282.2,282.25 1 1
github.com/mau-network/mau/server.go:285.103,287.24 2 1
github.com/mau-network/mau/server.go:287.24,290.3 2 0
github.com/mau-network/mau/server.go:292.2,293.16 2 1
github.com/mau-network/mau/server.go:293.16,296.3 2 0
github.com/mau-network/mau/server.go:298.2,298.30 1 1
github.com/mau-network/mau/server.go:301.127,303.16 2 1
github.com/mau-network/mau/server.go:303.16,306.3 2 1
github.com/mau-network/mau/server.go:308.2,309.16 2 1
github.com/mau-network/mau/server.go:309.16,312.3 2 0
github.com/mau-network/mau/server.go:314.2,315.14 2 1
github.com/mau-network/mau/server.go:315.14,318.3 2 0
github.com/mau-network/mau/server.go:320.2,320.18 1 1
github.com/mau-network/mau/server.go:323.80,325.16 2 1
github.com/mau-network/mau/server.go:325.16,328.3 2 0
github.com/mau-network/mau/server.go:329.2,333.59 4 1
github.com/mau-network/mau/server.go:336.66,338.16 2 1
github.com/mau-network/mau/server.go:338.16,340.3 1 0
github.com/mau-network/mau/server.go:342.2,343.16 2 1
github.com/mau-network/mau/server.go:343.16,345.3 1 1
github.com/mau-network/mau/server.go:347.2,347.25 1 1
github.com/mau-network/mau/server.go:350.115,352.24 2 1
github.com/mau-network/mau/server.go:352.24,355.3 2 0
github.com/mau-network/mau/server.go:357.2,358.16 2 1
github.com/mau-network/mau/server.go:358.16,361.3 2 0
github.com/mau-network/mau/server.go:364.2,365.40 2 1
github.com/mau-network/mau/server.go:368.136,370.16 2 1
github.com/mau-network/mau/server.go:370.16,373.3 2 1
github.com/mau-network/mau/server.go:375.2,376.16 2 1
github.com/mau-network/mau/server.go:376.16,379.3 2 0
github.com/mau-network/mau/server.go:381.2,382.14 2 1
github.com/mau-network/mau/server.go:382.14,385.3 2 1
github.com/mau-network/mau/server.go:387.2,387.18 1 1
github.com/mau-network/mau/server.go:390.72,392.16 2 1
github.com/mau-network/mau/server.go:392.16,394.3 1 1
github.com/mau-network/mau/server.go:396.2,396.31 1 1
github.com/mau-network/mau/server.go:396.31,397.29 1 1
github.com/mau-network/mau/server.go:397.29,399.4 1 1
github.com/mau-network/mau/server.go:402.2,402.14 1 1
github.com/mau-network/mau/upnp.go:30.61,39.26 2 1
github.com/mau-network/mau/upnp.go:39.26,40.29 1 1
github.com/mau-network/mau/upnp.go:40.29,41.25 1 0
github.com/mau-network/mau/upnp.go:41.25,43.5 1 0
github.com/mau-network/mau/upnp.go:47.2,47.105 1 1
github.com/mau-network/mau/upnp.go:50.84,51.29 1 1
github.com/mau-network/mau/upnp.go:51.29,54.23 3 1
github.com/mau-network/mau/upnp.go:54.23,56.4 1 1
github.com/mau-network/mau/upnp.go:57.3,57.12 1 1
